e:\project_api\cuphead\project\x64\debug\vc143.pdb
e:\project_api\cuphead\project\x64\debug\vc143.idb
e:\project_api\cuphead\project\x64\debug\meplayer_map.obj
e:\project_api\cuphead\project\x64\debug\memath.obj
e:\project_api\cuphead\project\x64\debug\melayer.obj
e:\project_api\cuphead\project\x64\debug\mekeyinput.obj
e:\project_api\cuphead\project\x64\debug\megameobject.obj
e:\project_api\cuphead\project\x64\debug\meentity.obj
e:\project_api\cuphead\project\x64\debug\mecomponent.obj
e:\project_api\cuphead\project\x64\debug\mecollidermanager.obj
e:\project_api\cuphead\project\x64\debug\mecamera.obj
e:\project_api\cuphead\project\x64\debug\meboxcollider.obj
e:\project_api\cuphead\project\x64\debug\mebossfightscene.obj
e:\project_api\cuphead\project\x64\debug\meboss.obj
e:\project_api\cuphead\project\x64\debug\meapplication.obj
e:\project_api\cuphead\project\x64\debug\meanimator.obj
e:\project_api\cuphead\project\x64\debug\meanimation.obj
e:\project_api\cuphead\project\x64\debug\client.obj
e:\project_api\cuphead\project\x64\debug\metransform.obj
e:\project_api\cuphead\project\x64\debug\metime.obj
e:\project_api\cuphead\project\x64\debug\metexture.obj
e:\project_api\cuphead\project\x64\debug\mespriterenderer.obj
e:\project_api\cuphead\project\x64\debug\mescenemanager.obj
e:\project_api\cuphead\project\x64\debug\mescene.obj
e:\project_api\cuphead\project\x64\debug\meresourcemanager.obj
e:\project_api\cuphead\project\x64\debug\meresource.obj
e:\project_api\cuphead\project\x64\debug\meplayer_stage.obj
e:\project_api\cuphead\project\x64\debug\memainscene.obj
e:\project_api\cuphead\project\x64\debug\megoopy_le_grande_stage.obj
e:\project_api\cuphead\project\x64\debug\megoopy_le_grande_boss.obj
e:\project_api\cuphead\project\x64\debug\meworldmapscene.obj
e:\project_api\cuphead\project\x64\debug\metitlescene.obj
e:\project_api\cuphead\project\x64\debug\client.exe
e:\project_api\cuphead\project\x64\debug\client.ilk
e:\project_api\cuphead\project\x64\debug\client.pdb
e:\project_api\cuphead\project\x64\debug\client.res
e:\project_api\cuphead\project\x64\debug\application.obj
e:\project_api\cuphead\project\x64\debug\component.obj
e:\project_api\cuphead\project\x64\debug\controller.obj
e:\project_api\cuphead\project\x64\debug\default.obj
e:\project_api\cuphead\project\x64\debug\entity.obj
e:\project_api\cuphead\project\x64\debug\gameobject.obj
e:\project_api\cuphead\project\x64\debug\keyinput.obj
e:\project_api\cuphead\project\x64\debug\layer.obj
e:\project_api\cuphead\project\x64\debug\mebackgroundobj.obj
e:\project_api\cuphead\project\x64\debug\mecontroller.obj
e:\project_api\cuphead\project\x64\debug\meimage.obj
e:\project_api\cuphead\project\x64\debug\meplayer.obj
e:\project_api\cuphead\project\x64\debug\meselectscene.obj
e:\project_api\cuphead\project\x64\debug\player.obj
e:\project_api\cuphead\project\x64\debug\scene.obj
e:\project_api\cuphead\project\x64\debug\scenemanager.obj
e:\project_api\cuphead\project\x64\debug\spriterenderer.obj
e:\project_api\cuphead\project\x64\debug\time.obj
e:\project_api\cuphead\project\x64\debug\transform.obj
e:\project_api\cuphead\project\x64\debug\client.obj.enc
e:\project_api\cuphead\project\x64\debug\meanimation.obj.enc
e:\project_api\cuphead\project\x64\debug\meanimator.obj.enc
e:\project_api\cuphead\project\x64\debug\meapplication.obj.enc
e:\project_api\cuphead\project\x64\debug\meboss.obj.enc
e:\project_api\cuphead\project\x64\debug\mebossfightscene.obj.enc
e:\project_api\cuphead\project\x64\debug\mecamera.obj.enc
e:\project_api\cuphead\project\x64\debug\mecontroller.obj.enc
e:\project_api\cuphead\project\x64\debug\megameobject.obj.enc
e:\project_api\cuphead\project\x64\debug\megoopy_le_grande_stage.obj.enc
e:\project_api\cuphead\project\x64\debug\melayer.obj.enc
e:\project_api\cuphead\project\x64\debug\memainscene.obj.enc
e:\project_api\cuphead\project\x64\debug\meplayer_map.obj.enc
e:\project_api\cuphead\project\x64\debug\meplayer_stage.obj.enc
e:\project_api\cuphead\project\x64\debug\meresourcemanager.obj.enc
e:\project_api\cuphead\project\x64\debug\mescene.obj.enc
e:\project_api\cuphead\project\x64\debug\mescenemanager.obj.enc
e:\project_api\cuphead\project\x64\debug\mespriterenderer.obj.enc
e:\project_api\cuphead\project\x64\debug\metexture.obj.enc
e:\project_api\cuphead\project\x64\debug\metitlescene.obj.enc
e:\project_api\cuphead\project\x64\debug\metransform.obj.enc
e:\project_api\cuphead\project\x64\debug\meworldmapscene.obj.enc
e:\project_api\cuphead\project\x64\debug\time.obj.enc
e:\project_api\cuphead\project\x64\debug\client.tlog\cl.command.1.tlog
e:\project_api\cuphead\project\x64\debug\client.tlog\cl.items.tlog
e:\project_api\cuphead\project\x64\debug\client.tlog\cl.read.1.tlog
e:\project_api\cuphead\project\x64\debug\client.tlog\cl.write.1.tlog
e:\project_api\cuphead\project\x64\debug\client.tlog\link.command.1.tlog
e:\project_api\cuphead\project\x64\debug\client.tlog\link.read.1.tlog
e:\project_api\cuphead\project\x64\debug\client.tlog\link.write.1.tlog
e:\project_api\cuphead\project\x64\debug\client.tlog\rc.command.1.tlog
e:\project_api\cuphead\project\x64\debug\client.tlog\rc.read.1.tlog
e:\project_api\cuphead\project\x64\debug\client.tlog\rc.write.1.tlog
